<?xml version="1.0" encoding="UTF-8"?>
<testsuite xmlns:xsi="http://www.w3.org/2001/XMLSchema-instance" xsi:noNamespaceSchemaLocation="https://maven.apache.org/surefire/maven-surefire-plugin/xsd/surefire-test-report-3.0.xsd" version="3.0" name="com.example.EmployeeMapperTest" time="0.799" tests="12" errors="0" skipped="0" failures="0">
  <properties>
[...]
</properties>
  <testcase name="testSelectByCondition" classname="com.example.EmployeeMapperTest" time="0.664">
    <system-out><![CDATA[===== 测试：多条件组合查询 =====
--- 场景1：只按姓名模糊查询 ---
20:30:24.521 [main] DEBUG c.e.m.E.selectByCondition - ==>  Preparing: SELECT id, emp_name, emp_age, emp_gender, emp_email, emp_dept FROM employee WHERE emp_name LIKE CONCAT('%', ?, '%')
20:30:24.547 [main] DEBUG c.e.m.E.selectByCondition - ==> Parameters: 张(String)
20:30:24.580 [main] DEBUG c.e.m.E.selectByCondition - <==      Total: 1
姓名包含'张'的员工数量：1
Employee{id=1, empName='张三（已修改）', empAge=30, empGender='M', empEmail='zhangsan_new@example.com', empDept='研发部'}

--- 场景2：按部门查询 ---
20:30:24.582 [main] DEBUG c.e.m.E.selectByCondition - ==>  Preparing: SELECT id, emp_name, emp_age, emp_gender, emp_email, emp_dept FROM employee WHERE emp_dept = ?
20:30:24.583 [main] DEBUG c.e.m.E.selectByCondition - ==> Parameters: 技术部(String)
20:30:24.585 [main] DEBUG c.e.m.E.selectByCondition - <==      Total: 2
技术部员工数量：2
Employee{id=3, empName='王五', empAge=25, empGender='M', empEmail='wangwu@example.com', empDept='技术部'}
Employee{id=6, empName='周八', empAge=35, empGender='M', empEmail='zhouba@example.com', empDept='技术部'}

--- 场景3：按性别 + 部门组合查询 ---
20:30:24.586 [main] DEBUG c.e.m.E.selectByCondition - ==>  Preparing: SELECT id, emp_name, emp_age, emp_gender, emp_email, emp_dept FROM employee WHERE emp_gender = ? AND emp_dept = ?
20:30:24.587 [main] DEBUG c.e.m.E.selectByCondition - ==> Parameters: M(String), 技术部(String)
20:30:24.588 [main] DEBUG c.e.m.E.selectByCondition - <==      Total: 2
技术部男性员工数量：2
Employee{id=3, empName='王五', empAge=25, empGender='M', empEmail='wangwu@example.com', empDept='技术部'}
Employee{id=6, empName='周八', empAge=35, empGender='M', empEmail='zhouba@example.com', empDept='技术部'}

--- 场景4：无条件查询（查询所有） ---
20:30:24.589 [main] DEBUG c.e.m.E.selectByCondition - ==>  Preparing: SELECT id, emp_name, emp_age, emp_gender, emp_email, emp_dept FROM employee
20:30:24.589 [main] DEBUG c.e.m.E.selectByCondition - ==> Parameters: 
20:30:24.593 [main] DEBUG c.e.m.E.selectByCondition - <==      Total: 9
所有员工数量：9

测试通过！

]]></system-out>
  </testcase>
  <testcase name="testDeleteByIds" classname="com.example.EmployeeMapperTest" time="0.03">
    <system-out><![CDATA[===== 测试：批量删除 =====
20:30:24.596 [main] DEBUG c.e.mapper.EmployeeMapper.insert - ==>  Preparing: INSERT INTO employee (emp_name, emp_age, emp_gender, emp_email, emp_dept) VALUES (?, ?, ?, ?, ?)
20:30:24.597 [main] DEBUG c.e.mapper.EmployeeMapper.insert - ==> Parameters: 批量删除测试1(String), 21(Integer), F(String), batch1@example.com(String), 测试部(String)
20:30:24.599 [main] DEBUG c.e.mapper.EmployeeMapper.insert - <==    Updates: 1
20:30:24.602 [main] DEBUG c.e.mapper.EmployeeMapper.insert - ==>  Preparing: INSERT INTO employee (emp_name, emp_age, emp_gender, emp_email, emp_dept) VALUES (?, ?, ?, ?, ?)
20:30:24.604 [main] DEBUG c.e.mapper.EmployeeMapper.insert - ==> Parameters: 批量删除测试2(String), 22(Integer), F(String), batch2@example.com(String), 测试部(String)
20:30:24.605 [main] DEBUG c.e.mapper.EmployeeMapper.insert - <==    Updates: 1
20:30:24.606 [main] DEBUG c.e.mapper.EmployeeMapper.insert - ==>  Preparing: INSERT INTO employee (emp_name, emp_age, emp_gender, emp_email, emp_dept) VALUES (?, ?, ?, ?, ?)
20:30:24.607 [main] DEBUG c.e.mapper.EmployeeMapper.insert - ==> Parameters: 批量删除测试3(String), 23(Integer), F(String), batch3@example.com(String), 测试部(String)
20:30:24.607 [main] DEBUG c.e.mapper.EmployeeMapper.insert - <==    Updates: 1
插入的测试数据ID：[14, 15, 16]
20:30:24.614 [main] DEBUG c.e.m.EmployeeMapper.deleteByIds - ==>  Preparing: DELETE FROM employee WHERE id IN ( ? , ? , ? )
20:30:24.614 [main] DEBUG c.e.m.EmployeeMapper.deleteByIds - ==> Parameters: 14(Integer), 15(Integer), 16(Integer)
20:30:24.615 [main] DEBUG c.e.m.EmployeeMapper.deleteByIds - <==    Updates: 3
删除行数：3
20:30:24.620 [main] DEBUG c.e.mapper.EmployeeMapper.selectById - ==>  Preparing: SELECT id, emp_name, emp_age, emp_gender, emp_email, emp_dept FROM employee WHERE id = ?
20:30:24.620 [main] DEBUG c.e.mapper.EmployeeMapper.selectById - ==> Parameters: 14(Integer)
20:30:24.621 [main] DEBUG c.e.mapper.EmployeeMapper.selectById - <==      Total: 0
20:30:24.622 [main] DEBUG c.e.mapper.EmployeeMapper.selectById - ==>  Preparing: SELECT id, emp_name, emp_age, emp_gender, emp_email, emp_dept FROM employee WHERE id = ?
20:30:24.622 [main] DEBUG c.e.mapper.EmployeeMapper.selectById - ==> Parameters: 15(Integer)
20:30:24.623 [main] DEBUG c.e.mapper.EmployeeMapper.selectById - <==      Total: 0
20:30:24.623 [main] DEBUG c.e.mapper.EmployeeMapper.selectById - ==>  Preparing: SELECT id, emp_name, emp_age, emp_gender, emp_email, emp_dept FROM employee WHERE id = ?
20:30:24.624 [main] DEBUG c.e.mapper.EmployeeMapper.selectById - ==> Parameters: 16(Integer)
20:30:24.624 [main] DEBUG c.e.mapper.EmployeeMapper.selectById - <==      Total: 0
测试通过！

]]></system-out>
  </testcase>
  <testcase name="testUpdateDynamic" classname="com.example.EmployeeMapperTest" time="0.013">
    <system-out><![CDATA[===== 测试：动态更新 =====
20:30:24.625 [main] DEBUG c.e.mapper.EmployeeMapper.selectById - ==>  Preparing: SELECT id, emp_name, emp_age, emp_gender, emp_email, emp_dept FROM employee WHERE id = ?
20:30:24.625 [main] DEBUG c.e.mapper.EmployeeMapper.selectById - ==> Parameters: 1(Integer)
20:30:24.627 [main] DEBUG c.e.mapper.EmployeeMapper.selectById - <==      Total: 1
原始数据：Employee{id=1, empName='张三（已修改）', empAge=30, empGender='M', empEmail='zhangsan_new@example.com', empDept='研发部'}
20:30:24.628 [main] DEBUG c.e.m.EmployeeMapper.updateDynamic - ==>  Preparing: UPDATE employee SET emp_name = ?, emp_email = ? WHERE id = ?
20:30:24.628 [main] DEBUG c.e.m.EmployeeMapper.updateDynamic - ==> Parameters: 张三（动态更新）(String), dynamic_update@example.com(String), 1(Integer)
20:30:24.629 [main] DEBUG c.e.m.EmployeeMapper.updateDynamic - <==    Updates: 1
更新行数：1
20:30:24.633 [main] DEBUG c.e.mapper.EmployeeMapper.selectById - ==>  Preparing: SELECT id, emp_name, emp_age, emp_gender, emp_email, emp_dept FROM employee WHERE id = ?
20:30:24.633 [main] DEBUG c.e.mapper.EmployeeMapper.selectById - ==> Parameters: 1(Integer)
20:30:24.637 [main] DEBUG c.e.mapper.EmployeeMapper.selectById - <==      Total: 1
更新后数据：Employee{id=1, empName='张三（动态更新）', empAge=30, empGender='M', empEmail='dynamic_update@example.com', empDept='研发部'}
测试通过！

]]></system-out>
  </testcase>
  <testcase name="testSelectAll" classname="com.example.EmployeeMapperTest" time="0.003">
    <system-out><![CDATA[===== 测试：查询所有员工 =====
20:30:24.639 [main] DEBUG c.e.mapper.EmployeeMapper.selectAll - ==>  Preparing: SELECT id, emp_name, emp_age, emp_gender, emp_email, emp_dept FROM employee
20:30:24.639 [main] DEBUG c.e.mapper.EmployeeMapper.selectAll - ==> Parameters: 
20:30:24.640 [main] DEBUG c.e.mapper.EmployeeMapper.selectAll - <==      Total: 9
员工总数：9
Employee{id=1, empName='张三（动态更新）', empAge=30, empGender='M', empEmail='dynamic_update@example.com', empDept='研发部'}
Employee{id=2, empName='李四', empAge=32, empGender='F', empEmail='lisi@example.com', empDept='市场部'}
Employee{id=3, empName='王五', empAge=25, empGender='M', empEmail='wangwu@example.com', empDept='技术部'}
Employee{id=4, empName='赵六', empAge=30, empGender='F', empEmail='zhaoliu@example.com', empDept='人事部'}
Employee{id=5, empName='孙七', empAge=27, empGender='M', empEmail='sunqi@example.com', empDept='财务部'}
Employee{id=6, empName='周八', empAge=35, empGender='M', empEmail='zhouba@example.com', empDept='技术部'}
Employee{id=7, empName='吴九', empAge=24, empGender='F', empEmail='wujiu@example.com', empDept='市场部'}
Employee{id=8, empName='郑十', empAge=29, empGender='M', empEmail='zhengshi@example.com', empDept='人事部'}
Employee{id=13, empName='测试员工', empAge=26, empGender='M', empEmail='test@example.com', empDept='测试部'}
测试通过！

]]></system-out>
  </testcase>
  <testcase name="testUpdateById" classname="com.example.EmployeeMapperTest" time="0.007">
    <system-out><![CDATA[===== 测试：根据 id 修改员工信息 =====
20:30:24.643 [main] DEBUG c.e.mapper.EmployeeMapper.updateById - ==>  Preparing: UPDATE employee SET emp_name = ?, emp_age = ?, emp_gender = ?, emp_email = ?, emp_dept = ? WHERE id = ?
20:30:24.643 [main] DEBUG c.e.mapper.EmployeeMapper.updateById - ==> Parameters: 张三（已修改）(String), 30(Integer), M(String), zhangsan_new@example.com(String), 研发部(String), 1(Integer)
20:30:24.645 [main] DEBUG c.e.mapper.EmployeeMapper.updateById - <==    Updates: 1
修改行数：1
20:30:24.648 [main] DEBUG c.e.mapper.EmployeeMapper.selectById - ==>  Preparing: SELECT id, emp_name, emp_age, emp_gender, emp_email, emp_dept FROM employee WHERE id = ?
20:30:24.649 [main] DEBUG c.e.mapper.EmployeeMapper.selectById - ==> Parameters: 1(Integer)
20:30:24.650 [main] DEBUG c.e.mapper.EmployeeMapper.selectById - <==      Total: 1
修改后的员工信息：Employee{id=1, empName='张三（已修改）', empAge=30, empGender='M', empEmail='zhangsan_new@example.com', empDept='研发部'}
测试通过！

]]></system-out>
  </testcase>
  <testcase name="testSelectByNameLike" classname="com.example.EmployeeMapperTest" time="0.004">
    <system-out><![CDATA[===== 测试：根据姓名模糊查询（实体类传参） =====
20:30:24.651 [main] DEBUG c.e.m.E.selectByNameLike - ==>  Preparing: SELECT id, emp_name, emp_age, emp_gender, emp_email, emp_dept FROM employee WHERE emp_name LIKE CONCAT('%', ?, '%')
20:30:24.652 [main] DEBUG c.e.m.E.selectByNameLike - ==> Parameters: 张(String)
20:30:24.653 [main] DEBUG c.e.m.E.selectByNameLike - <==      Total: 1
姓名包含'张'的员工数量：1
Employee{id=1, empName='张三（已修改）', empAge=30, empGender='M', empEmail='zhangsan_new@example.com', empDept='研发部'}
测试通过！

]]></system-out>
  </testcase>
  <testcase name="testSelectByIdWithResultMap" classname="com.example.EmployeeMapperTest" time="0.003">
    <system-out><![CDATA[===== 测试：使用 resultMap 查询员工 =====
20:30:24.654 [main] DEBUG c.e.m.E.selectByIdWithResultMap - ==>  Preparing: SELECT id, emp_name, emp_age, emp_gender, emp_email, emp_dept FROM employee WHERE id = ?
20:30:24.656 [main] DEBUG c.e.m.E.selectByIdWithResultMap - ==> Parameters: 1(Integer)
20:30:24.657 [main] DEBUG c.e.m.E.selectByIdWithResultMap - <==      Total: 1
使用 resultMap 查询结果：Employee{id=1, empName='张三（已修改）', empAge=30, empGender='M', empEmail='zhangsan_new@example.com', empDept='研发部'}
测试通过！

]]></system-out>
  </testcase>
  <testcase name="testSelectByNameAndDept" classname="com.example.EmployeeMapperTest" time="0.004">
    <system-out><![CDATA[===== 测试：根据姓名 + 部门精确查询 =====
20:30:24.660 [main] DEBUG c.e.m.E.selectByNameAndDept - ==>  Preparing: SELECT id, emp_name, emp_age, emp_gender, emp_email, emp_dept FROM employee WHERE emp_name = ? AND emp_dept = ?
20:30:24.661 [main] DEBUG c.e.m.E.selectByNameAndDept - ==> Parameters: 张三(String), 技术部(String)
20:30:24.661 [main] DEBUG c.e.m.E.selectByNameAndDept - <==      Total: 0
查询结果数量：0
测试通过！

]]></system-out>
  </testcase>
  <testcase name="testSelectByAgeAndGender" classname="com.example.EmployeeMapperTest" time="0.002">
    <system-out><![CDATA[===== 测试：根据年龄和性别查询（Map传参） =====
20:30:24.663 [main] DEBUG c.e.m.E.selectByAgeAndGender - ==>  Preparing: SELECT id, emp_name, emp_age, emp_gender, emp_email, emp_dept FROM employee WHERE emp_age > ? AND emp_gender = ?
20:30:24.663 [main] DEBUG c.e.m.E.selectByAgeAndGender - ==> Parameters: 25(Integer), M(String)
20:30:24.665 [main] DEBUG c.e.m.E.selectByAgeAndGender - <==      Total: 5
年龄>25且性别为男的员工数量：5
Employee{id=1, empName='张三（已修改）', empAge=30, empGender='M', empEmail='zhangsan_new@example.com', empDept='研发部'}
Employee{id=5, empName='孙七', empAge=27, empGender='M', empEmail='sunqi@example.com', empDept='财务部'}
Employee{id=6, empName='周八', empAge=35, empGender='M', empEmail='zhouba@example.com', empDept='技术部'}
Employee{id=8, empName='郑十', empAge=29, empGender='M', empEmail='zhengshi@example.com', empDept='人事部'}
Employee{id=13, empName='测试员工', empAge=26, empGender='M', empEmail='test@example.com', empDept='测试部'}
测试通过！

]]></system-out>
  </testcase>
  <testcase name="testDeleteById" classname="com.example.EmployeeMapperTest" time="0.013">
    <system-out><![CDATA[===== 测试：根据 id 删除员工 =====
20:30:24.667 [main] DEBUG c.e.mapper.EmployeeMapper.insert - ==>  Preparing: INSERT INTO employee (emp_name, emp_age, emp_gender, emp_email, emp_dept) VALUES (?, ?, ?, ?, ?)
20:30:24.667 [main] DEBUG c.e.mapper.EmployeeMapper.insert - ==> Parameters: 待删除员工(String), 25(Integer), F(String), delete@example.com(String), 临时部(String)
20:30:24.668 [main] DEBUG c.e.mapper.EmployeeMapper.insert - <==    Updates: 1
插入的待删除员工ID：17
20:30:24.671 [main] DEBUG c.e.mapper.EmployeeMapper.deleteById - ==>  Preparing: DELETE FROM employee WHERE id = ?
20:30:24.672 [main] DEBUG c.e.mapper.EmployeeMapper.deleteById - ==> Parameters: 17(Integer)
20:30:24.672 [main] DEBUG c.e.mapper.EmployeeMapper.deleteById - <==    Updates: 1
删除行数：1
20:30:24.675 [main] DEBUG c.e.mapper.EmployeeMapper.selectById - ==>  Preparing: SELECT id, emp_name, emp_age, emp_gender, emp_email, emp_dept FROM employee WHERE id = ?
20:30:24.676 [main] DEBUG c.e.mapper.EmployeeMapper.selectById - ==> Parameters: 17(Integer)
20:30:24.678 [main] DEBUG c.e.mapper.EmployeeMapper.selectById - <==      Total: 0
删除后查询结果：null
测试通过！

]]></system-out>
  </testcase>
  <testcase name="testInsert" classname="com.example.EmployeeMapperTest" time="0.006">
    <system-out><![CDATA[===== 测试：添加员工 =====
20:30:24.680 [main] DEBUG c.e.mapper.EmployeeMapper.insert - ==>  Preparing: INSERT INTO employee (emp_name, emp_age, emp_gender, emp_email, emp_dept) VALUES (?, ?, ?, ?, ?)
20:30:24.680 [main] DEBUG c.e.mapper.EmployeeMapper.insert - ==> Parameters: 测试员工(String), 26(Integer), M(String), test@example.com(String), 测试部(String)
20:30:24.681 [main] DEBUG c.e.mapper.EmployeeMapper.insert - <==    Updates: 1
插入行数：1
返回的自增主键ID：18
测试通过！

]]></system-out>
  </testcase>
  <testcase name="testSelectById" classname="com.example.EmployeeMapperTest" time="0.001">
    <system-out><![CDATA[===== 测试：根据 id 查询员工 =====
20:30:24.684 [main] DEBUG c.e.mapper.EmployeeMapper.selectById - ==>  Preparing: SELECT id, emp_name, emp_age, emp_gender, emp_email, emp_dept FROM employee WHERE id = ?
20:30:24.685 [main] DEBUG c.e.mapper.EmployeeMapper.selectById - ==> Parameters: 1(Integer)
20:30:24.686 [main] DEBUG c.e.mapper.EmployeeMapper.selectById - <==      Total: 1
查询结果：Employee{id=1, empName='张三（已修改）', empAge=30, empGender='M', empEmail='zhangsan_new@example.com', empDept='研发部'}
测试通过！

]]></system-out>
  </testcase>
</testsuite>